2026-07-10T00:57:46.7487821Z	src/transcripts/txt/2021-06-06_T21-55-54_bruships-50-a-d-day-special-with-questions-and-some-new-books-from-pen-and-sword_9gzy53FUeEA.txt	9gzy53FUeEA	regenerated 8 D-Day Q and A watch points	yes	full transcript covered; deeper Q and A extraction remains useful
2026-07-09T20:05:20.9138349-05:00	src/transcripts/txt/2021-06-06_T08-27-16_four-random-books-memberships-and-the-seapower-of-castles_whP0XPQA_uY.txt	whP0XPQA_uY	closed no usable study-guide segments	no	channel announcements and a future-topic teaser only
2026-07-09T20:17:27.4959532-05:00	src/transcripts/txt/2021-06-05_T13-57-48_naval-fire-support-of-the-wwi-western-front-long-patrol-part-6-gorgon-class_vNSz291deEI.txt	vNSz291deEI	regenerated 8 Gorgon class watch points	no	full transcript inspected; substantive chapters captured
2026-07-10T01:28:24.4007778Z	src/transcripts/txt/2021-06-03_T20-44-47_coastal-command-in-the-1920s-and-1930s_DmM9gxjSWkg.txt	DmM9gxjSWkg	regenerated 8 Coastal Command study-guide segments	yes	full duration reviewed; deeper live Q&A extraction remains
2026-07-09T20:38:47.7015072-05:00	src/transcripts/txt/2021-05-30_T22-09-41_bruships-49-special-questions-on-battle-cruisers-and-dreadnoughts-from-around-the-world-1905-14_ntUrN-CR55c.txt	ntUrN-CR55c	regenerated 8 battlecruiser watch points	yes	full duration inspected; deeper live Q&A extraction remains useful
2026-07-09T20:47:33.6302330-05:00	src/transcripts/txt/2021-05-30_T12-00-14_dreadnoughts-from-around-the-world-1905-14-1915_hKBGGLDUUJE.txt	hKBGGLDUUJE	regenerated 8 dreadnought watch points	no	full duration inspected; all substantive chapters captured
2026-07-09T20:57:46-05:00	src/transcripts/txt/2021-05-29_T12-00-24_dreadnoughts-from-around-the-world-1905-14-1914_Z-CDnokH8f8.txt	Z-CDnokH8f8	regenerated 8 study-guide segments	no	full 1914 capital-ship lecture captured
2026-07-09T21:07:57.8902542-05:00	src/transcripts/txt/2021-05-28_T12-00-26_dreadnoughts-from-around-the-world-1905-14-1913_yUFz6yjFB0k.txt	yUFz6yjFB0k	regenerated 8 capital-ship watch points	no	full 0:05-20:25 coverage; all substantive chapters captured
2026-07-09T21:18:07.5320832-05:00	src/transcripts/txt/2021-05-27_T12-00-32_dreadnoughts-from-around-the-world-1905-14-1912_vsAY6hhPJcQ.txt	vsAY6hhPJcQ	regenerated 8 study-guide segments	no	full transcript chaptered; closing announcements omitted
2026-07-09T21:58:51.4980078-05:00	src/transcripts/txt/2021-05-26_T12-00-22_dreadnoughts-from-around-the-world-1905-14-1911_zXSCULAISGs.txt	zXSCULAISGs	regenerated 8 watch points	no	Full 1911 capital-ship comparison covered; closing announcements omitted
2026-07-09T22:09:36.5647588-05:00	src/transcripts/txt/2021-05-25_T12-00-08_dreadnoughts-from-around-the-world-1905-14-1910_8g_qrS9Sde8.txt	8g_qrS9Sde8	curated 8 segments	no	full transcript chaptered
2026-07-09T22:32:32-05:00	src/transcripts/txt/2021-05-24_T17-00-09_dreadnoughts-from-around-the-world-1905-14-1909-july-december_Ndea1k4mWgE.txt	Ndea1k4mWgE	regenerated 8 segments	no	full transcript chaptered into eight substantive watch points
2026-07-09T22:37:13-05:00	src/transcripts/txt/2021-05-24_T12-00-03_dreadnoughts-from-around-the-world-1905-14-1909-january-june_AXIufFZ4BU4.txt	AXIufFZ4BU4	regenerated 7 transcript-backed watch points	yes	full duration inspected; principal design chapters captured
2026-07-09T22:47:45-05:00	src/transcripts/txt/2021-05-23_T12-00-07_dreadnoughts-from-around-the-world-1905-14-1908_N_ph0Hkb-hU.txt	N_ph0Hkb-hU	curated 8 segments	no	full transcript chaptered; substantive 1908 dreadnought survey captured
2026-07-09T22:57:49-05:00	src/transcripts/txt/2021-05-22_T12-00-12_dreadnoughts-from-around-the-world-1905-14-part-4-questions-1904-7_G1KGPyvdLP4.txt	G1KGPyvdLP4	curated 7 watch points	no	full duration inspected; all substantive exchanges captured
2026-07-09T23:10:32-05:00	src/transcripts/txt/2021-05-20_T20-45-53_patreon-24-everything-wrong-with-star-wars-fleets-from-a-naval-history-perspective_1Y7B_tfxtaA.txt	1Y7B_tfxtaA	regenerated 8 segments	yes	full duration inspected; deeper ship-by-ship coverage remains useful
2026-07-09T23:16:07-05:00	src/transcripts/txt/2021-05-18_T18-30-18_some-more-battle-cruisers_e5x1tFUtwhQ.txt	e5x1tFUtwhQ	curated 8 battlecruiser design watch points	no	full duration inspected and all substantive chapters captured
2026-07-09T23:26:55-05:00	src/transcripts/txt/2021-05-16_T21-51-47_bruships-48-reading-history_DkeTHGgGLvU.txt	DkeTHGgGLvU	curated 8 focused watch points	yes	full duration inspected; later exhaustive live Q&A review warranted
2026-07-09T23:35:48-05:00	src/transcripts/txt/2021-05-14_T21-01-39_patreon-23-coal-canals-convoys-and-coastal-carrying-traffic-around-the-british-isles-from-1939-4_jYIlQEh2JN0.txt	jYIlQEh2JN0	regenerated 8 segments	yes	Full duration reviewed; deeper live Q&A extraction remains useful
2026-07-09T23:45:53-05:00	src/transcripts/txt/2021-05-12_T20-07-25_four-random-books-episode-36-no-good-choices_I20skzRtbAg.txt	I20skzRtbAg	curated 8 segments	no	full duration inspected and substantive chapters captured
