2026-07-09T19:59:32.8626074-05:00	src/transcripts/txt/2022-12-11_T22-12-59_bruships-95-science-fiction-including-paddle-corn-oil-aka-biodiesel-battleship-twist_iY1WuIgyB_I.txt	iY1WuIgyB_I	regenerated 8 study-guide segments	yes	full duration mapped; deeper live Q&A review needed
2026-07-09T20:07:30.5442226-05:00	src/transcripts/txt/2022-12-10_T19-00-00_what-if-the-royal-navy-went-4-7in-rather-than-4-5in-for-dual-purpose_20thV3PMStM.txt	20thV3PMStM	regenerated 8 watch points	yes	full-duration review; later granular expansion remains useful
2026-07-09T20:18:18.6202807-05:00	src/transcripts/txt/2022-12-09_T19-00-30_soviet-navy-part-2-3-1939-65_w8QyFdf0zNk.txt	w8QyFdf0zNk	regenerated 8 Soviet Navy study-guide segments	yes	full duration reviewed; deeper chaptering remains useful
2026-07-10T01:27:23.4353463Z	src/transcripts/txt/2022-12-08_T22-19-31_patreon-68-what-if-the-royal-navy-went-4-7in-rather-than-4-5in-for-dual-purpose_PByBPL6EzZQ.txt	PByBPL6EzZQ	regenerated 8 transcript-backed watch points	yes	full duration reviewed; live discussion merits later Q&A expansion
2026-07-10T01:38:13.9810512Z	src/transcripts/txt/2022-12-07_T22-38-10_kresta-class-cruisers-iterative-development-of-the-soviet-style_GabqgoGzN-w.txt	GabqgoGzN-w	regenerated 8 Kresta study-guide segments	yes	full duration inspected; focused chapters retained for later expansion
2026-07-09T20:46:54-05:00	src/transcripts/txt/2022-12-06_T19-00-30_groznyy-kynda-1961-class-gorshkov-s-template-for-a-blue-water-navy_s5qp4YAxKps.txt	s5qp4YAxKps	regenerated 8 segments	yes	full transcript mapped; deeper follow-up remains
2026-07-10T01:56:44.4967940Z	src/transcripts/txt/2022-12-05_T22-47-40_comus-1878-class-protected-corvettes-third-class-cruisers_1cvQt--stJk.txt	1cvQt--stJk	regenerated 8 Comus-class watch points	yes	full transcript inspected; targeted deeper chaptering remains useful
2026-07-09T21:08:13.6525981-05:00	src/transcripts/txt/2022-12-04_T23-25-04_bruships-94-some-new-books-some-others-books-and-a-lot-of-naval-chat_Z-TOIXSlY04.txt	Z-TOIXSlY04	regenerated 8 segments	yes	full-duration review; further Q&A expansion useful
2026-07-09T21:18:22.7782753-05:00	src/transcripts/txt/2022-12-03_T19-00-10_cruiser-policy-of-the-reichsmarine-and-kriegsmarine_NoDtnLjf3n8.txt	NoDtnLjf3n8	regenerated 8 segments	yes	full-duration review; focused policy and design watch points
2026-07-09T21:59:01.9265733-05:00	src/transcripts/txt/2022-12-02_T19-00-14_soviet-navy-part-1-3-1918-1939_fMJ-SQDON30.txt	fMJ-SQDON30	regenerated 8 Soviet Navy study-guide segments	yes	full duration inspected; focused chapters retained for later expansion
2026-07-09T22:09:46-05:00	src/transcripts/txt/2022-12-01_T22-26-08_german-heavy-cruisers-and-cruiser-policy-procurement-of-wwii_dNl2dBRLU78.txt	dNl2dBRLU78	regenerated 8 focused segments	yes	full duration reviewed; deeper live Q&A extraction remains
2026-07-09T22:33:31.4772409-05:00	src/transcripts/txt/2022-11-30_T19-00-06_nelson-class-and-patreon-67-comment-response_JUGUI8UA7zg.txt	JUGUI8UA7zg	regenerated 8 Nelson-class watch points	yes	full duration inspected; additional comment-response Q&A remains useful
2026-07-09T22:38:24-05:00	src/transcripts/txt/2022-11-29_T19-00-16_admiral-hipper-class_WAJgeSI5lVc.txt	WAJgeSI5lVc	regenerated 8 study-guide segments	yes	full duration reviewed; major design, service, and strategy chapters captured
2026-07-09T22:49:32-05:00	src/transcripts/txt/2022-11-28_T19-00-13_washington-cheaties-comment-response_SIFnWZkcWv8.txt	SIFnWZkcWv8	regenerated 8 transcript-backed segments	yes	full-duration review complete; further comment-response extraction remains
2026-07-09T22:58:46-05:00	src/transcripts/txt/2022-11-27_T23-35-44_bruships-93-soviet-navy-books-and-random-books_7cDS-7v6Kvk.txt	7cDS-7v6Kvk	regenerated 8 segments	yes	full duration inspected; deeper live Q&A extraction remains useful
2026-07-09T23:08:17-05:00	src/transcripts/txt/2022-11-26_T19-00-31_nelson-1925-class-the-story-of-britain-s-washington-treaty-battleships_yVK3fS1kC48.txt	yVK3fS1kC48	curated 8 segments	yes	full duration reviewed; focused expansion remains useful
2026-07-09T23:15:44-05:00	src/transcripts/txt/2022-11-25_T19-00-23_sverdlov-class-comment-response_wfPHfRW1vDw.txt	wfPHfRW1vDw	regenerated 8 segments	yes	full duration inspected; deeper comment extraction remains useful
2026-07-09T23:27:14-05:00	src/transcripts/txt/2022-11-24_T22-38-08_patreon-67-rn-use-of-water-based-armour-and-why-it-annoyed-admiral-king-so-much_7mObTEt9i6g.txt	7mObTEt9i6g	regenerated 8 study-guide segments	yes	full duration inspected; deeper Q&A extraction remains useful
2026-07-09T23:34:27-05:00	src/transcripts/txt/2022-11-23_T12-24-21_visiting-cutty-sark_U_PxdMOFw5A.txt	U_PxdMOFw5A	curated 2 focused segments	no	full 79-second transcript covered; all substantive material captured
2026-07-09T23:45:55-05:00	src/transcripts/txt/2022-11-22_T19-00-08_arethusa-1913-class-light-cruisers-or_DgvChQYULKs.txt	DgvChQYULKs	regenerated 8 segments	yes	full duration reviewed; individual ship careers merit granular follow-up
2026-07-09T23:56:31-05:00	src/transcripts/txt/2022-11-21_T19-00-18_cressy-1899-class-famous-for-the-wrong-things-19th-century-cruisers-series-2-part-12_TtMMaWVQhGM.txt	TtMMaWVQhGM	regenerated 8 segments	yes	full duration reviewed; deeper class service detail remains suitable for follow-up
2026-07-10T00:06:48-05:00	src/transcripts/txt/2022-11-20_T22-51-10_bruships-92-new-books-naval-chat-and-late-19th-century-warships_bMexXL_da6o.txt	bMexXL_da6o	regenerated 8 segments	yes	full duration inspected; live stream merits exhaustive Q&A follow-up
2026-07-10T00:17:30-05:00	src/transcripts/txt/2022-11-19_T19-00-17_asama-class-armoured-cruiser-or-battleship-19th-century-cruisers-series-2-part-11_Vcl__nzdk20.txt	Vcl__nzdk20	regenerated 8 Asama class chapters	no	full lecture duration inspected and substantive chapters captured
2026-07-10T00:26:57-05:00	src/transcripts/txt/2022-11-18_T19-00-07_diadem-class-first-class-protected-cruisers-19th-century-cruisers-series-2-part-10_LjHOSgZ5mZs.txt	LjHOSgZ5mZs	regenerated 8 segments	no	full duration reviewed; substantive design, service, and legacy chapters captured
2026-07-10T00:35:53-05:00	src/transcripts/txt/2022-11-17_T19-00-14_chateaurenault-1898-the-french-columbia-class-19th-century-cruisers-series-2-part-9_PkzcPsDSrbw.txt	PkzcPsDSrbw	regenerated 8 focused segments	yes	Full duration inspected; major design, service, sinking, and logistics watch points captured; later refinement remains useful
2026-07-10T00:45:18-05:00	src/transcripts/txt/2022-11-16_T19-00-00_descartes-1894-class-i-cruiser-therefore-i-am-19th-century-cruisers-series-2-part-8_-VGWXOfIYlA.txt	-VGWXOfIYlA	regenerated 8 segments	yes	full duration reviewed; focused chaptering retained for follow-up
2026-07-10T00:54:13-05:00	src/transcripts/txt/2022-11-15_T19-00-03_sverdlov-class-the-last-of-stalin-s-soviet-gun-cruisers_5G14HxOrzGg.txt	5G14HxOrzGg	regenerated 8 focused segments	yes	full duration inspected; ship-by-ship detail remains for follow-up
2026-07-10T01:02:30-05:00	src/transcripts/txt/2022-11-14_T19-00-19_apollo-1890-class-quantity-quality-19th-century-cruisers-series-2-part-7_OE5dB3px9vI.txt	OE5dB3px9vI	regenerated 8 segments	yes	full duration inspected; focused class guide ready for expansion
2026-07-10T02:39:12-05:00	src/transcripts/txt/2022-11-14_T01-35-14_bruships-91-new-books-and-cruiser-books_YyvTu65AZnE.txt	YyvTu65AZnE	regenerated 33 mixed-content watch points	yes	full duration inspected; exhaustive live Q&A follow-up remains
2026-07-10T02:48:16-05:00	src/transcripts/txt/2022-11-12_T19-00-12_washington-cheaties-an-inevitability-of-winning-a-treaty_VRTByvYWZ1Y.txt	VRTByvYWZ1Y	regenerated 16 treaty-design watch points	no	full structured lecture covered with all substantive arguments captured
2026-07-10T03:00:33-05:00	src/transcripts/txt/2022-11-11_T19-00-10_battle-of-coronel-comment-response_FGbKMUT7Tr8.txt	FGbKMUT7Tr8	rebuilt Coronel comment-response watch points	no	full duration inspected and substantive naval exchanges captured
2026-07-10T03:11:55-05:00	src/transcripts/txt/2022-11-10_T23-01-43_patreon-66-washington-cheaties_nOp5Cd8xisg.txt	nOp5Cd8xisg	regenerated 27 mixed-content watch points	yes	full duration inspected; exhaustive live Q&A follow-up remains
2026-07-10T03:18:29-05:00	src/transcripts/txt/2022-11-08_T19-30-01_capitani-romani-class-cruisers-supersized-destroyers-or-shrunk-cruisers_E2gqtUN8Ovo.txt	E2gqtUN8Ovo	forced regenerated 12 granular segments	no	full duration inspected and all substantive lecture chapters captured
2026-07-10T03:34:47-05:00	src/transcripts/txt/2022-11-06_T23-44-28_bruships-90-books-from-the-road_EE4W1gQYG0g.txt	EE4W1gQYG0g	regenerated 52 full-duration study-guide segments	no	full transcript reviewed; substantive chapters and Q&A captured
2026-07-10T03:37:42-05:00	src/transcripts/txt/2022-11-05_T19-00-31_victoria-louise-1897-class-time-to-make-an-impression-19th-century-cruisers-series-2-part-6_jgZJ9U9I8mM.txt	jgZJ9U9I8mM	regenerated nine transcript-backed watch points	no	full duration inspected and substantive chapters captured
2026-07-10T03:48:30-05:00	src/transcripts/txt/2022-11-04_T19-00-00_blake-1889-class-19th-century-cruisers-series-2-part-5_0pYfOkEHgnM.txt	0pYfOkEHgnM	regenerated focused Blake-class study-guide segments	no	full lecture and all substantive topics captured
2026-07-10T03:58:02-05:00	src/transcripts/txt/2022-11-03_T19-00-33_marathon-1888-class-19th-century-cruisers-series-2-part-4_y-RXGLv3-dE.txt	y-RXGLv3-dE	regenerated 11 transcript-backed watch points	no	full 0:00-29:19 lecture and all substantive chapters captured; no transcript-visible Q&A
2026-07-10T04:07:34-05:00	src/transcripts/txt/2022-11-02_T19-00-33_forbin-1888-class-19th-century-cruisers-series-2-part-3_rRXXCbfHBrY.txt	rRXXCbfHBrY	regenerated nine transcript-backed watch points	no	full duration covered; all substantive chapters captured
2026-07-10T04:18:33-05:00	src/transcripts/txt/2022-11-01_T19-00-22_battle-of-coronel-a-collapse-of-command-and-control_oSzDU9mt2bM.txt	oSzDU9mt2bM	rebuilt 12 Coronel command and battle watch points	no	full transcript reviewed; substantive lecture coverage complete; no answered Q&A
2026-07-10T04:28:42-05:00	src/transcripts/txt/2022-10-31_T19-00-14_giovanni-bausan-1883-19th-century-cruisers-series-2-part-2_TyxgISHIa70.txt	TyxgISHIa70	regenerated 10 transcript-backed watch points	no	full transcript inspected; substantive chapters captured; no answered Q&A present
2026-07-10T04:41:33-05:00	src/transcripts/txt/2022-10-30_T21-41-01_questions-and-answers-on-naval-history-till-the-bru-runs-out-4_nhz4iT1V-x8.txt	nhz4iT1V-x8	regenerated 33 exhaustive naval Q&A watch points	no	full duration inspected and all substantive naval Q&A captured
2026-07-10T04:48:58-05:00	src/transcripts/txt/2022-10-29_T18-00-19_shortcomings-of-early-aircraft-carriers-what-lessons-can-we-learn-from-innovation_chnAVdmUZ9E.txt	chnAVdmUZ9E	regenerated full aircraft-carrier design guide	no	full duration inspected; substantive lecture chapters captured; no answered Q&A
2026-07-10T05:02:54-05:00	src/transcripts/txt/2022-10-28_T18-00-31_bc-304-daedalus-class-stargate-sg1-s-battle-cruisers-comment-response_q-ZwCjtTiqc.txt	q-ZwCjtTiqc	regenerated 21 transcript-backed watch points	no	full 75:27 comment response and substantive exchanges captured
2026-07-10T05:11:37-05:00	src/transcripts/txt/2022-10-27_T21-35-51_shortcomings-with-the-designs-of-early-aircraft-carriers-patreon-65_xNRsTn8f4-k.txt	xNRsTn8f4-k	rebuilt 39 transcript-backed carrier-design watch points	no	full 0:00-3:12:05 reviewed; substantive lecture blocks and Q&A captured
2026-07-10T05:18:20-05:00	src/transcripts/txt/2022-10-26_T18-00-32_mersey-1885-class-19th-century-cruisers-series-2-part-1_u61h2dmWTAE.txt	u61h2dmWTAE	curated 14 Mersey-class watch points	no	full lecture and closing prompt captured; no answered Q&A present
2026-07-10T05:27:37-05:00	src/transcripts/txt/2022-10-25_T18-00-15_active-class-the-last-scout-cruisers_kEOvjxZIcq0.txt	kEOvjxZIcq0	regenerated 11 transcript-backed watch points	no	full duration inspected; substantive design and service chapters captured; no answered Q&A
2026-07-10T05:42:30-05:00	src/transcripts/txt/2022-10-23_T22-26-35_bruships-89-new-books-christmas-recomendations-and-personal-accounts-of-war_69CvFbH40Oo.txt	69CvFbH40Oo	regenerated 47 transcript-backed watch points	no	full stream and substantive naval Q&A captured
2026-07-10T05:50:16-05:00	src/transcripts/txt/2022-10-22_T18-00-16_battle-of-navarino-1827-a-failure-of-deterrence-or-expecting-too-much_nEda7_EgAOs.txt	nEda7_EgAOs	regenerated 23 transcript-backed segments	no	full duration inspected; substantive lecture captured; no answered Q&A present
2026-07-10T05:59:54-05:00	src/transcripts/txt/2022-10-21_T18-00-11_epic-blunders-of-naval-history-comment-response-video_TE1BgdfzOgQ.txt	TE1BgdfzOgQ	regenerated 25 transcript-backed comment-response watch points	no	full duration inspected and all substantive naval-history exchanges captured
2026-07-10T06:13:05-05:00	src/transcripts/txt/2022-10-20_T21-42-52_battle-of-navarino-1827_F3umLWCqbrI.txt	F3umLWCqbrI	regenerated 49 transcript-backed watch points	no	full 0:01-3:28:49 inspected; substantive chapters and Q&A captured
2026-07-10T06:19:35-05:00	src/transcripts/txt/2022-10-18_T18-00-17_bc-304-daedalus-class-stargate-s-battle-cruisers_QaFyVhnBZNY.txt	QaFyVhnBZNY	regenerated 28 focused lecture watch points	no	full duration inspected; all substantive chapters captured; no answered Q&A present
2026-07-10T06:33:10-05:00	src/transcripts/txt/2022-10-16_T22-25-35_bruships-88-way-of-war_cE2z2asBrEk.txt	cE2z2asBrEk	forced regeneration with 45 transcript-backed study-guide segments	yes	full duration inspected; major chapters and 26 substantive Q&A captured; additional granular Q&A review remains useful
2026-07-10T06:39:31-05:00	src/transcripts/txt/2022-10-15_T18-00-13_epic-blunders-of-naval-history_SaHlueY7fs8.txt	SaHlueY7fs8	rebuilt 25 transcript-backed study-guide segments	no	full duration reviewed; all substantive chapters captured; no answered Q&A
2026-07-10T06:49:07-05:00	src/transcripts/txt/2022-10-14_T18-00-02_brooklyn-class-us-treaty-cruisers-comment-response_1DzQd2VtUxc.txt	1DzQd2VtUxc	regenerated 18 transcript-backed watch points	no	full 42:34 transcript inspected; substantive chapters and direct Q&A captured
2026-07-10T07:00:35-05:00	src/transcripts/txt/2022-10-13_T21-47-24_epic-blunders-of-naval-history-patreon-64_4Fk-kuYDjNM.txt	4Fk-kuYDjNM	regenerated 35 transcript-backed mixed-content segments	yes	full duration inspected; additional granular audience-Q&A review remains useful
2026-07-10T07:08:41-05:00	src/transcripts/txt/2022-10-12_T18-00-31_abruzzi-class-condottieri-of-the-regia-marina_hAjElUKK8Oc.txt	hAjElUKK8Oc	regenerated 14 Abruzzi-class study-guide segments	no	full transcript covered with all substantive chapters captured and no answered Q&A present
2026-07-10T07:21:29-05:00	src/transcripts/txt/2022-10-09_T20-53-37_bruships-87-books-found-on-my-travels-new-books-and-christmas-recomendations_3v_vcHZvJfg.txt	3v_vcHZvJfg	regenerated 36 book and Q&A watch points	yes	Full 2:31:45 reviewed; dense live Q&A merits another granular pass
2026-07-10T07:30:16-05:00	src/transcripts/txt/2022-10-08_T18-00-05_battle-of-arausio-105bc-rome-s-second-great-loss-and-the-reforms-it-led-to_F9us9IAl6hA.txt	F9us9IAl6hA	regenerated 19 transcript-backed watch points	no	full 0:08-1:29:39 inspected; substantive chapters captured; no answered Q&A
2026-07-10T07:39:40-05:00	src/transcripts/txt/2022-10-07_T18-00-18_french-navy-fights-on-in-1940-comment-response-video_rW55ErYaK1U.txt	rW55ErYaK1U	regenerated 23 transcript-backed Q&A watch points	no	full 0:03-1:12:45 duration reviewed; substantive comment-response exchanges captured
2026-07-10T07:51:21-05:00	src/transcripts/txt/2022-10-06_T20-45-44_battle-of-arausio-105bc-lessons-of-an-ancient-land-battle_GVd6Xzgqydk.txt	GVd6Xzgqydk	regenerated 29 mixed-content segments	no	full duration inspected; substantive lecture and visible Q&A captured
2026-07-10T08:00:53-05:00	src/transcripts/txt/2022-10-05_T18-00-14_brooklyn-class-the-not-quite-last-us-treaty-era-cruisers_hz8ha1ZRwH8.txt	hz8ha1ZRwH8	forced full-regeneration with 28 transcript-backed watch points	no	full 0:00-1:45:42 lecture inspected; all substantive sections captured; no answered transcript-visible Q&A
2026-07-10T08:11:54-05:00	src/transcripts/txt/2022-10-02_T21-49-44_bruships-86-science-fiction-strikes-some-more_RrsbbjTyyRw.txt	RrsbbjTyyRw	regenerated 37 granular study-guide segments	no	full 0:01-3:35:13 coverage captured all substantive chapters and Q&A
2026-07-10T08:20:00-05:00	src/transcripts/txt/2022-10-01_T18-00-30_escort-carriers-the-idea-designs-development-and-some-notable-operations_lqdy5kihAPs.txt	lqdy5kihAPs	regenerated 21 granular segments	no	full duration covered; chapters complete; no answered Q&A
2026-07-10T08:31:41-05:00	src/transcripts/txt/2022-09-30_T18-00-15_19th-century-cruisers-comment-response-video-3-sfax-geffion_j9tEJTzd3BM.txt	j9tEJTzd3BM	regenerated 26 granular comment-response watch points	no	full transcript reviewed and all substantive naval exchanges captured
2026-07-10T08:42:15-05:00	src/transcripts/txt/2022-09-29_T21-17-39_patreon-63-escort-carriers-the-idea-designs-development-and-notable-operations_mX20PMPfAa0.txt	mX20PMPfAa0	regenerated 43 escort-carrier watch points	no	full duration inspected; substantive chapters and answered Q&A captured
2026-07-10T08:48:53-05:00	src/transcripts/txt/2022-09-27_T18-00-02_town-class-1913-birmingham-and-birkenhead-classes-hmas-adelaide_7SPoF891GR4.txt	7SPoF891GR4	regenerated 16 transcript-backed Town-class watch points	no	full 0:01-56:43 lecture inspected; substantive design and service chapters captured; no answered Q&A present
2026-07-10T08:59:38-05:00	src/transcripts/txt/2022-09-25_T18-32-29_19th-century-cruisers-comment-response-video-2-velasco-imperieuse_wxy3oQn4JXo.txt	wxy3oQn4JXo	regenerated 18 granular cruiser comment-response watch points	no	full 0:01-51:35 transcript reviewed; all substantive subjects and answered Q&A captured
2026-07-10T09:10:12-05:00	src/transcripts/txt/2022-09-24_T22-00-12_if-the-french-navy-fought-on-in-1940-vive-la-france_bKlYvwRBsRc.txt	bKlYvwRBsRc	regenerated 29 transcript-backed chapters and notable points	no	full duration inspected; all substantive naval chapters captured; no answered Q&A
2026-07-10T09:21:17-05:00	src/transcripts/txt/2022-09-23_T18-00-05_19th-century-cruisers-comment-response-video-1-introduction-shannon_GMFsU6ZvxO8.txt	GMFsU6ZvxO8	regenerated 23 transcript-backed cruiser comment-response segments	no	full 0:00-1:09:55 coverage; 16 Q&A and 7 notable points captured
2026-07-10T09:32:22-05:00	src/transcripts/txt/2022-09-22_T21-19-04_patreon-62-what-if-the-french-navy-in-1940-fought-on_weBE-tc9EsE.txt	weBE-tc9EsE	forced full regeneration with 39 transcript-backed watch points	no	full duration inspected and substantive chapters and Q&A captured
2026-07-10T09:38:45-05:00	src/transcripts/txt/2022-09-20_T21-00-25_chapyev-class-projekt-68-of-the-soviet-navy-fighting-the-peace_y8X_YpxdDZ8.txt	y8X_YpxdDZ8	rebuilt-17-segment-project-68-guide	no	full-lecture-and-unanswered-closing-prompt-captured
2026-07-10T09:54:22-05:00	src/transcripts/txt/2022-09-18_T21-20-29_questions-and-answers-on-naval-history-till-the-bru-runs-out-3_yKRGPc6zp2E.txt	yKRGPc6zp2E	regenerated 53 granular Q&A watch points	no	full 0:00-3:06:47 review captured substantive answered naval and force-design exchanges
2026-07-10T09:58:47-05:00	src/transcripts/txt/2022-09-17_T18-00-01_sms-gefion-1894-19th-century-cruisers-part-12_1nhQ31xUgbY.txt	1nhQ31xUgbY	rebuilt 12-segment SMS Gefion study guide	no	full 0:01-48:48 lecture covered; no answered Q&A present
2026-07-10T10:17:45-05:00	src/transcripts/txt/2022-09-16_T20-25-44_five-ways-to-fix-the-fleets-of-wwii-1941-42_ugZ2zh3JLJ0.txt	ugZ2zh3JLJ0	regenerated 43 transcript-backed Q&A watch points	no	full 2:10:32 transcript inspected and substantive exchanges captured
2026-07-10T10:19:32-05:00	src/transcripts/txt/2022-09-15_T18-00-06_columbia-1892-class-19th-century-cruisers-star-trek-and-ssbnx-part-11_89mAxITInw8.txt	89mAxITInw8	regenerated 18 transcript-backed watch points	no	full duration inspected; all substantive chapters captured; closing audience prompt unanswered
2026-07-10T10:30:34-05:00	src/transcripts/txt/2022-09-14_T20-15-30_edgar-1890-class-19th-century-cruisers-part-10_MCOv1eKs85E.txt	MCOv1eKs85E	regenerated 27 granular Edgar-class watch points	no	full transcript inspected; substantive chapters complete; no answered Q&A
2026-07-10T12:41:16-05:00	src/transcripts/txt/2022-09-13_T18-07-41_duca-d-aosta-class-condottieri-of-the-regia-marina_JccYygWvHlo.txt	JccYygWvHlo	regenerated 13 granular transcript-backed watch points	no	full duration inspected; all substantive chapters captured; no answered Q&A present
2026-07-10T12:49:12-05:00	src/transcripts/txt/2022-09-12_T18-00-06_sfax-1884-of-marine-nationale-19th-century-cruisers-p9_Kr2Y-bSC6Zc.txt	Kr2Y-bSC6Zc	rebuilt 12 granular Sfax study-guide segments	no	full transcript covered; all substantive lecture topics captured; no answered Q&A present
2026-07-10T13:24:38-05:00	src/transcripts/txt/2022-09-11_T21-12-03_questions-and-answers-on-naval-history-till-the-bru-runs-out-2_dFruNThPx5k.txt	dFruNThPx5k	regenerated 68 exhaustive naval Q&A watch points	no	full 2:54:29 inspected; all substantive naval Q&A captured
