2026-07-09T19:56:54.5029148-05:00	src/transcripts/txt/2026-03-11_T19-30-06_building-for-the-adriatic-austro-hungarian-destroyers-of-wwi_7IA20_r7XV0.txt	7IA20_r7XV0	curated 8 segments	yes	full transcript covered; deeper class and battle analysis remains available
2026-07-09T20:09:28.5900926-05:00	src/transcripts/txt/2026-03-09_T00-06-07_bruships-235-alternate-history-and-naval-history-questions-answered-live_Cdo5cLbDGdA.txt	Cdo5cLbDGdA	curated 10 segments	yes	full transcript reviewed; later exhaustive live Q&A review recommended
2026-07-09T20:17:41.1586262-05:00	src/transcripts/txt/2026-03-07_T19-30-06_where-has-britain-s-royal-navy-gone_9AVa88N2CtM.txt	9AVa88N2CtM	forced-regenerated 11 segments	yes	full duration reviewed; deeper document-level extraction remains
2026-07-09T20:27:16.8862499-05:00	src/transcripts/txt/2026-03-06_T09-49-58_what-if-the-royal-navy-s-aircraft-carrier-hms-hermes-had-sisters-in-the-1920s-patreon-live_yk8YfabmY58.txt	yk8YfabmY58	forced-regenerated-8-segments	yes	full-duration-inspected; deeper-live-qa-review-available
2026-07-09T20:37:34.4592519-05:00	src/transcripts/txt/2026-03-02_T00-39-11_bruships-234-naval-history-questions-answered-live_T4oqYXbn5nE.txt	T4oqYXbn5nE	forced-regenerated 10 segments	yes	full-duration review; deeper live Q&A extraction remains useful
2026-07-09T20:47:55-05:00	src/transcripts/txt/2026-02-28_T19-30-06_escaping-hitler-s-europe-how-the-warships-of-europe-escaped-capture-in-wwii_Ejg3RJlI0mM.txt	Ejg3RJlI0mM	forced-regenerated 8 segments	yes	full transcript mapped; deeper country and case-study extraction remains
2026-07-09T20:56:48.5941289-05:00	src/transcripts/txt/2026-02-27_T19-30-06_japan-s-first-destroyers-how-they-intimidated-the-russian-empire-on-less-than-1000tons_FRDaR_Wtios.txt	FRDaR_Wtios	forced-regenerated 8 segments	yes	full transcript covered; deeper class-by-class refinement remains
2026-07-09T21:07:57-05:00	src/transcripts/txt/2026-02-27_T11-10-28_top-bottom-5-inventions-adaptations-of-rn-ships-that-came-from-the-ships-themselves-patreon-live_f59fnSlU-5Q.txt	f59fnSlU-5Q	forced-regenerated 10 segments	yes	full duration reviewed; deeper live Q&A extraction remains useful
2026-07-09T21:20:50-05:00	src/transcripts/txt/2026-02-23_T00-36-32_bruships-233-science-fiction-and-naval-history-questions-answered-live_0KaJT0HF33Q.txt	0KaJT0HF33Q	forced-regenerated 10 segments	yes	full 4:48:50 coverage; later exhaustive live Q&A review available
2026-07-09T21:54:35-05:00	src/transcripts/txt/2026-02-21_T19-30-06_if-wwii-is-delayed-what-do-the-warships-of-the-1950s-look-like_jnp6FlLYEbQ.txt	jnp6FlLYEbQ	forced-regenerated 8 segments	yes	full-duration review; deeper counterfactual detail remains available
2026-07-09T22:10:05.447-05:00	src/transcripts/txt/2026-02-19_T19-30-06_forging-the-kido-butai-s-teeth-imperial-japanese-aircraft-development-from-hosho-to-pearl-harbor_57TddTKZCZA.txt	57TddTKZCZA	forced-regenerated 8 segments	yes	full duration inspected; deeper aircraft-by-aircraft refinement available
2026-07-09T22:36:40.3815889-05:00	src/transcripts/txt/2026-02-17_T19-30-06_modern-chinese-destroyers-how-the-current-people-s-liberation-army-navy-s-surface-ships-came-to_PuiWcx5KkIk.txt	PuiWcx5KkIk	curated 9 segments	yes	full-duration review; deeper class-level refinement remains
2026-07-09T22:45:09-05:00	src/transcripts/txt/2026-02-16_T00-22-39_bruships-232-naval-history-questions-answered-live_9l_vzMxKuNg.txt	9l_vzMxKuNg	curated 8 Q&A watch points	yes	Full duration inspected; targeted naval Q&A captured; exhaustive live Q&A review remains.
2026-07-09T22:54:43.8328863-05:00	src/transcripts/txt/2026-02-14_T19-30-06_the-arguments-that-made-american-seapower-roosevelt-mahan-sims-and-more_sXjKPy4rAyc.txt	sXjKPy4rAyc	forced-regenerated 8 segments	yes	Full duration inspected; deeper source-by-source refinement remains available
2026-07-09T23:04:23-05:00	src/transcripts/txt/2026-02-13_T11-12-44_operation-deadlight-not-deadbeat-scuttling-u-boats-live_eLeTt0k3ejg.txt	eLeTt0k3ejg	forced-regenerated 8 segments	yes	full duration inspected; deeper live Q&A extraction remains
2026-07-09T23:14:27-05:00	src/transcripts/txt/2026-02-11_T19-30-06_the-reality-of-soviet-naval-presence-in-the-cold-war-destroyers-are-the-fleet_to-ymOxvVWg.txt	to-ymOxvVWg	forced-regenerated 8 segments	yes	full duration covered; deeper class-level detail available
2026-07-09T23:26:13-05:00	src/transcripts/txt/2026-02-09_T01-12-30_bruships-231-alternate-history-and-naval-history-questions-answered-live_2JPU08Hi_iQ.txt	2JPU08Hi_iQ	regenerated 10 Q&A segments	yes	Full duration inspected; representative naval Q&A captured; exhaustive Q&A review remains
2026-07-09T23:34:52-05:00	src/transcripts/txt/2026-02-07_T19-30-06_what-if-force-z-hms-prince-of-wales-and-hms-repulse-doesn-t-get-sunk-on-the-10th-of-december-194_cfktzBjvpoU.txt	cfktzBjvpoU	regenerated 8 segments	no	full duration inspected and all substantive chapters captured
2026-07-09T23:44:54-05:00	src/transcripts/txt/2026-02-06_T19-30-06_how-many-warships-does-your-navy-need_Rri9HWYG2Bc.txt	Rri9HWYG2Bc	curated 8 force-structure watch points	no	full lecture chaptered across force generation, procurement, escorts, submarines, and auxiliaries
2026-07-09T23:56:02-05:00	src/transcripts/txt/2026-02-06_T00-16-57_the-rise-and-fall-of-constellation-class-frigate-program-patreon-live_lV4sia1aJzY.txt	lV4sia1aJzY	regenerated 8 segments	yes	full duration reviewed; additional live Q&A merits follow-up
2026-07-10T00:05:44-05:00	src/transcripts/txt/2026-02-02_T11-42-59_bruships-230-naval-history-questions-answered-live-3rd-start_RCCsxxYAR80.txt	RCCsxxYAR80	curated 8 Q&A segments	yes	full duration reviewed; additional Q&A remain
2026-07-10T00:16:21-05:00	src/transcripts/txt/2026-02-02_T09-20-39_bruships-230-naval-history-questions-answered-live_PGnZN9KBBOU.txt	PGnZN9KBBOU	regenerated 8 segments	yes	full duration inspected; additional live Q&A merit follow-up
2026-07-10T00:25:33-05:00	src/transcripts/txt/2026-01-30_T19-30-06_an-introduction-to-the-atlantic-charter-creating-a-new-world-order-in-wwii_9KD3rZoPcMo.txt	9KD3rZoPcMo	curated 8 segments	yes	Full duration inspected; eight focused chapters; deeper detail remains suitable for follow-up.
2026-07-10T00:36:02-05:00	src/transcripts/txt/2026-01-30_T12-19-03_trials-and-tribulations-why-ships-go-through-the-testing-they-do-before-they-enter-service_ejSC6OlHDVY.txt	ejSC6OlHDVY	regenerated 8 trial watch points	yes	full duration reviewed; later audience questions merit deeper extraction
2026-07-10T00:45:36-05:00	src/transcripts/txt/2026-01-28_T19-30-06_harnessing-and-maintaining-thoughtful-aggression-royal-navy-destroyers-of-the-interwar-years_zopBUXHEL7E.txt	zopBUXHEL7E	curated 8 segments	no	Full lecture covered with substantive doctrine, design, leadership, and tactics chapters
2026-07-10T00:54:19-05:00	src/transcripts/txt/2026-01-26_T00-08-23_bruships-229-naval-history-questions-answered-live_9ujsV9hh8NM.txt	9ujsV9hh8NM	forced-regenerated 8 Q&A watch points	yes	full duration inspected; focused Q&A pass; exhaustive live review remains
2026-07-10T01:01:10-05:00	src/transcripts/txt/2026-01-24_T19-30-06_cheatimus-maximus-washington-naval-treaty-what-happens-if-all-the-powers-do-all-the-cheats_jqNe7ETtBoM.txt	jqNe7ETtBoM	curated 8 segments	no	full duration reviewed; substantive watch points captured
2026-07-10T02:35:59-05:00	src/transcripts/txt/2026-01-23_T21-30-06_the-usn-s-wwi-destroyer-designs-making-four-stackers-global_Sd6ZL88K-EY.txt	Sd6ZL88K-EY	regenerated 13 focused transcript-backed watch points	no	full duration inspected and substantive lecture chapters captured
2026-07-10T02:48:30-05:00	src/transcripts/txt/2026-01-23_T10-50-39_what-if-winston-churchill-doesn-t-pause-carriers-capital-ships-and-cruisers-in-1939-patreon-live_JHeDA4vm2rQ.txt	JHeDA4vm2rQ	forced-regenerated mixed lecture and Q&A guide	yes	full duration reviewed; additional exhaustive live Q&A extraction remains
2026-07-10T02:59:21-05:00	src/transcripts/txt/2026-01-19_T00-12-24_bruships-228-naval-history-questions-answered-live_AbUh5f_DM-g.txt	AbUh5f_DM-g	regenerated 12 transcript-backed Q&A watch points	yes	full duration inspected; additional exhaustive Q&A extraction remains
2026-07-10T03:08:41-05:00	src/transcripts/txt/2026-01-17_T20-00-06_who-was-to-blame-for-norway-falling-in-1940_GJgvkuqWGek.txt	GJgvkuqWGek	regenerated 14 systemic-defence watch points	no	full lecture captured across policy procurement readiness command and mobilization
2026-07-10T03:19:21-05:00	src/transcripts/txt/2026-01-16_T19-30-06_germany-s-torpedo-boats-1890-1913-torpedo-boats-destroyers-or-something-uniquely-german_sh4oHOmc8tQ.txt	sh4oHOmc8tQ	forced-regenerated 13 transcript-backed watch points	no	full lecture inspected and substantive chapters captured
2026-07-10T03:27:56-05:00	src/transcripts/txt/2026-01-15_T19-30-07_the-tribal-class-s-sisters-the-royal-navy-s-j-k-and-n-class-destroyers-of-wwii_eEkCotZdAOY.txt	eEkCotZdAOY	regenerated 16 granular segments	no	full duration inspected and substantive lecture coverage captured
2026-07-10T03:39:43-05:00	src/transcripts/txt/2026-01-15_T11-07-34_134yrs-of-evolution-how-a-destroyer-s-role-has-evolved-from-as-envisaged-in-1892-to-2026_kn9q6KlgN2s.txt	kn9q6KlgN2s	regenerated 31 study-guide segments	no	full lecture and Q&A coverage captured
2026-07-10T03:48:23-05:00	src/transcripts/txt/2026-01-12_T19-30-06_scuttlebutt-18-guns-and-points-of-order_BUOT_BM2qc4.txt	BUOT_BM2qc4	forced-regenerated 13 transcript-backed watch points	no	full duration inspected; substantive naval chapters and comment-response Q&A captured
2026-07-10T03:58:53-05:00	src/transcripts/txt/2026-01-12_T00-48-28_bruships-227-naval-history-questions-answered-live_A7KadSSdA9Y.txt	A7KadSSdA9Y	forced-regenerated 20 transcript-backed watch points	yes	full duration inspected; additional exhaustive live Q&A extraction remains
2026-07-10T04:07:04-05:00	src/transcripts/txt/2026-01-10_T19-30-06_a-chinese-invasion-of-taiwan-a-historian-s-eye-view-and-a-patreon-s-request_m4ZDr6bcdwc.txt	m4ZDr6bcdwc	regenerated 13 study-guide segments	no	full transcript covered and substantive lecture chapters captured
2026-07-10T04:17:46-05:00	src/transcripts/txt/2026-01-09_T19-30-06_naval-architecture-from-turret-ironclads-to-super-dreadnoughts-hms-monarch-1868-and-1911_l59-XLQcY2c.txt	l59-XLQcY2c	regenerated 16 transcript-backed watch points	no	full lecture and all substantive chapters captured
2026-07-10T04:27:40-05:00	src/transcripts/txt/2026-01-08_T19-30-06_the-ranks-of-some-navys-of-the-world-round-1-of-many_CMUHzr1cPQM.txt	CMUHzr1cPQM	curated 18 segments	no	full lecture and substantive rank comparisons captured
2026-07-10T04:37:52-05:00	src/transcripts/txt/2026-01-06_T19-45-06_an-introduction-to-torpedo-boat-destoyers_6M4SYf2V5Ik.txt	6M4SYf2V5Ik	curated 14 destroyer-origin watch points	no	full 52:50 lecture and all substantive chapters captured; no answered Q&A
2026-07-10T04:51:49-05:00	src/transcripts/txt/2026-01-05_T00-47-38_bruships-226-naval-history-questions-answered-live_Mu50-OADY3E.txt	Mu50-OADY3E	regenerated 33 Q&A watch points	yes	full duration inspected; additional exhaustive Q&A refinement remains
2026-07-10T05:03:08-05:00	src/transcripts/txt/2026-01-04_T11-18-12_what-if-the-royal-navy-carried-out-a-carrier-strike-against-wilhelmshaven-in-wwi-patreon-live_bm2zQ80cSdk.txt	bm2zQ80cSdk	regenerated 46 transcript-backed segments	no	full duration reviewed; substantive chapters and Q&A captured
2026-07-10T05:09:27-05:00	src/transcripts/txt/2026-01-02_T22-30-06_tragedy-and-revenge-wolfpack-key-books_ZTKqf9YMwVU.txt	ZTKqf9YMwVU	forced-regenerated 15 focused transcript-backed watch points	no	full duration inspected; all substantive chapters captured; no answered audience Q&A
2026-07-10T05:17:46-05:00	src/transcripts/txt/2026-01-01_T19-30-06_why-the-different-major-navies-used-cruiser-aviation-in-the-1920s-and-30s_eU5g4kWekc8.txt	eU5g4kWekc8	regenerated 18 cruiser-aviation watch points	no	full lecture and Q&A scan complete
2026-07-10T05:27:39-05:00	src/transcripts/txt/2025-12-31_T19-30-06_how-to-go-about-designing-a-warship-and-a-fleet_15U91w3Z3k0.txt	15U91w3Z3k0	curated 15 full-duration segments	no	full lecture captured; no answered Q&A present
2026-07-10T05:38:09-05:00	src/transcripts/txt/2025-12-30_T19-30-06_why-is-a-frigate-a-frigate-and-other-questions-of-modern-navys_E_NuOVBreCU.txt	E_NuOVBreCU	forced-regenerated 18 transcript-backed watch points	no	full lecture captured; no answered audience Q&A
2026-07-10T05:46:44-05:00	src/transcripts/txt/2025-12-29_T19-30-06_scuttlebutt-17-missiles-guns-and-other-barrels-of-fun_zxVtghOkhV4.txt	zxVtghOkhV4	forced-regenerated 9 transcript-backed watch points	no	full duration inspected; all substantive questions and naval topics captured
2026-07-10T06:00:51-05:00	src/transcripts/txt/2025-12-29_T00-30-29_bruships-225-naval-history-and-current-affairs-questions-answered-live_5bM0XB0dCtw.txt	5bM0XB0dCtw	curated 29 full-duration watch points	yes	full duration inspected; shorter naval exchanges remain for exhaustive follow-up
2026-07-10T06:10:25-05:00	src/transcripts/txt/2025-12-28_T11-42-58_why-are-modern-warships-getting-bigger-live_AGC2vPZTLAA.txt	AGC2vPZTLAA	regenerated 39 lecture and Q&A segments	yes	full duration reviewed; additional lower-priority Q&A may merit exhaustive follow-up
2026-07-10T06:17:40-05:00	src/transcripts/txt/2025-12-26_T19-30-06_type-26-and-type-31-frigate-program-updates-city-hunter-river-destroyer-inspiration-and-the-rest_wr1msc44fgE.txt	wr1msc44fgE	forced-regenerated 18 transcript-backed watch points	no	full duration inspected; all substantive chapters captured; no answered Q&A
2026-07-10T06:26:13-05:00	src/transcripts/txt/2025-12-25_T19-30-06_navy-food-a-beginning_nkalY1DVMAw.txt	nkalY1DVMAw	regenerated 8 naval food watch points	no	full transcript inspected; all substantive chapters captured; no Q&A present
2026-07-10T06:38:10-05:00	src/transcripts/txt/2025-12-24_T19-30-06_future-fleets-some-ideas-of-naval-warfare_bxV8Os2KyZg.txt	bxV8Os2KyZg	forced-regenerated 24 future-fleet watch points	no	full-duration lecture captured; no answered audience Q&A
2026-07-10T06:47:44-05:00	src/transcripts/txt/2025-12-23_T19-30-06_trumps-battleship-a-naval-history-view-on-what-we-know-of-the-defiant-class-so-far_cb0u1lwrSsI.txt	cb0u1lwrSsI	curated 17 segments	no	full transcript covered; no answered audience Q&A
2026-07-10T06:56:59-05:00	src/transcripts/txt/2025-12-22_T19-30-06_scuttlebutt-16-logistics_KOhnrxUlJpE.txt	KOhnrxUlJpE	regenerated 10 logistics watch points	no	full duration covered with substantive chapters and answered audience question
2026-07-10T07:11:27-05:00	src/transcripts/txt/2025-12-22_T01-09-40_bruships-224-alternate-naval-history-questions-answered-live_QZ-sWorrwT0.txt	QZ-sWorrwT0	forced-regenerated 30 naval alternate-history Q&A watch points	yes	full duration inspected; shorter substantive exchanges remain for exhaustive follow-up
2026-07-10T07:17:52-05:00	src/transcripts/txt/2025-12-20_T19-30-06_what-changes-if-the-royal-navy-gets-a-proper-staff-in-1905-instead-relying-on-nid-for-everything_xILX8a1WITo.txt	xILX8a1WITo	curated 21 segments	no	full transcript covered; all substantive lecture sections captured; no answered Q&A
2026-07-10T07:26:36-05:00	src/transcripts/txt/2025-12-19_T19-30-06_the-leadership-of-santa-and-the-trauma-of-12-days-of-christmas_HJ0Bi_QI5_o.txt	HJ0Bi_QI5_o	regenerated 8 granular chapters	no	full duration inspected; all substantive chapters captured; no transcript-visible Q&A
2026-07-10T07:39:26-05:00	src/transcripts/txt/2025-12-19_T10-39-12_lions-not-indefatigables-the-dominions-chose-to-build-13-5in-battlecruisers-prior-to-wwi_T5Hr17-g92I.txt	T5Hr17-g92I	regenerated 25 historical alternate-history and Q&A watch points	yes	full duration inspected; strong coverage with secondary follow-up exchanges eligible for exhaustive review
2026-07-10T07:49:12-05:00	src/transcripts/txt/2025-12-17_T19-30-06_what-the-frigates-up-with-our-frigates-a-bilgepumps-christmas-2025-drachinifel-and-wgowshipping_psLdsnnJ5qI.txt	psLdsnnJ5qI	curated 27 frigate procurement watch points	no	full two-part panel captured; no audience Q&A
2026-07-10T07:57:39-05:00	src/transcripts/txt/2025-12-16_T19-30-06_the-world-naval-review-2026-a-great-key-book-series_DuWrtvoJWhM.txt	DuWrtvoJWhM	curated 18 segments	no	full transcript covered; all substantive review sections captured; no answered audience Q&A
2026-07-10T08:07:37-05:00	src/transcripts/txt/2025-12-15_T19-30-06_building-the-royal-canadian-navy-for-wwii_egBgnsAaYqo.txt	egBgnsAaYqo	regenerated 17 transcript-backed segments	no	full lecture captured; no answered audience Q&A
2026-07-10T08:23:45-05:00	src/transcripts/txt/2025-12-15_T00-48-06_bruships-223-naval-history-and-science-fiction-questions-answered-live__5m9MkJLpdo.txt	_5m9MkJLpdo	curated 39 segments	no	full-duration mixed-content Q&A captured
