2026-07-08T03:30:56-05:00	src/transcripts/txt/2026-07-04_T18-30-06+0000_ideal-destroyers-screening-fleets-and-national-interests-from-1890-to-today_--l6rRIfksQ.txt	--l6rRIfksQ	curated 1 first-pass segment	yes	first-pass overview segment added; needs deeper chaptering
2026-07-08T03:30:56-05:00	src/transcripts/txt/2026-07-03_T18-30-17+0000_durand-de-la-penne-class-the-destroyer-class-which-showed-the-oto-melara-76mm-had-came-of-age_eYhGE7TDlHQ.txt	eYhGE7TDlHQ	curated 1 first-pass segment	yes	first-pass overview segment added; needs deeper chaptering
2026-07-08T03:30:56-05:00	src/transcripts/txt/2026-07-03_T00-51-05+0000_the-defence-investment-plan-is-out-let-s-talk-it-through-good-bad-and-what-the-frigate_jV-bnHLGcsM.txt	jV-bnHLGcsM	curated 1 first-pass segment	yes	first-pass overview segment added; needs deeper chaptering
2026-07-08T03:30:56-05:00	src/transcripts/txt/2026-07-01_T18-30-06+0000_the-usn-pre-wwi-destroyers-never-enough-ordered_yQPnWPw_bho.txt	yQPnWPw_bho	curated 1 first-pass segment	yes	first-pass overview segment added; needs deeper chaptering
2026-07-08T03:30:56-05:00	src/transcripts/txt/2026-06-28_T23-20-26+0000_bruships-248-naval-history-questions-answered-live_KhKodHSccmE.txt	KhKodHSccmE	curated 1 first-pass segment	yes	first-pass live structure segment added; needs Q&A extraction
2026-07-08T03:30:56-05:00	src/transcripts/txt/2026-06-26_T18-30-06+0000_yak-38-forger-the-nasty-surprise-of-the-kiev-class_csReIEQKP3I.txt	csReIEQKP3I	curated 1 first-pass segment	yes	first-pass overview segment added; needs deeper chaptering
2026-07-08T03:30:56-05:00	src/transcripts/txt/2026-06-25_T18-30-06+0000_press-gang-the-myth-and-reality_KqzuWF1tQO4.txt	KqzuWF1tQO4	curated 1 first-pass segment	yes	first-pass overview segment added; needs deeper chaptering
2026-07-08T03:30:56-05:00	src/transcripts/txt/2026-06-24_T18-30-06+0000_resurgent-japan-the-destroyer-navy-of-the-21st-century_hV61sjE720w.txt	hV61sjE720w	curated 1 first-pass segment	yes	first-pass overview segment added; needs deeper chaptering
2026-07-08T03:30:56-05:00	src/transcripts/txt/2026-06-21_T23-11-56+0000_bruships-247-science-fiction-and-naval-history-questions-answered-live_8rAI4ajBU5Q.txt	8rAI4ajBU5Q	curated 1 first-pass segment	yes	first-pass live structure segment added; needs Q&A extraction
2026-07-08T03:30:56-05:00	src/transcripts/txt/2026-06-20_T18-30-06+0000_what-if-the-rn-decided-to-upgrade-hms-tiger-to-15in-guns_uqSLUFlWki8.txt	uqSLUFlWki8	curated 1 first-pass segment	yes	first-pass overview segment added; needs deeper chaptering
2026-07-08T03:30:56-05:00	src/transcripts/txt/2026-06-19_T18-30-21+0000_britain-s-cold-war-destroyers-logically-building-for-the-war-they-didn-t-fight_CtfBU-tuNmA.txt	CtfBU-tuNmA	curated 1 first-pass segment	yes	first-pass overview segment added; needs deeper chaptering
2026-07-08T03:30:56-05:00	src/transcripts/txt/2026-06-19_T10-04-52+0000_the-defence-investment-plan-a-live-review-if-it-s-been-published-a-chat-of-what-to-look-for-if-n_LYcA94lzYJM.txt	LYcA94lzYJM	curated 1 first-pass segment	yes	first-pass overview segment added; needs deeper chaptering
2026-07-08T03:30:56-05:00	src/transcripts/txt/2026-06-14_T23-55-52+0000_bruships-246-naval-history-questions-answered-live_e3dsNo2L9VU.txt	e3dsNo2L9VU	curated 1 first-pass segment	yes	first-pass live structure segment added; needs Q&A extraction
2026-07-08T03:30:56-05:00	src/transcripts/txt/2026-06-13_T19-00-05+0000_flotilla-or-squadron-what-naval-unit-is-this_iqgW6kVJn34.txt	iqgW6kVJn34	curated 1 first-pass segment	yes	first-pass overview segment added; needs deeper chaptering
2026-07-08T03:30:56-05:00	src/transcripts/txt/2026-06-12_T09-45-02+0000_could-the-us-navy-have-kept-the-oliver-hazard-perry-s-in-service-for-longer_zqSUibSVEAc.txt	zqSUibSVEAc	curated 1 first-pass segment	yes	first-pass overview segment added; needs deeper chaptering
2026-07-08T03:30:56-05:00	src/transcripts/txt/2026-06-07_T23-24-41+0000_bruships-245-alternate-history-and-naval-history-questions-answered-live_5M0LeS3z9uU.txt	5M0LeS3z9uU	curated 1 first-pass segment	yes	first-pass live structure segment added; needs Q&A extraction
2026-07-08T03:30:56-05:00	src/transcripts/txt/2026-06-06_T18-30-06+0000_what-if-hms-hermes-was-the-first-of-a-class-of-cruiser-carriers_lLPfmYWw0W8.txt	lLPfmYWw0W8	curated 1 first-pass segment	yes	first-pass overview segment added; needs deeper chaptering
2026-07-08T03:30:56-05:00	src/transcripts/txt/2026-06-05_T18-30-05+0000_ram-dass-katari-father-of-the-modern-indian-navy_Or9f7PKh_P8.txt	Or9f7PKh_P8	curated 1 first-pass segment	yes	first-pass overview segment added; needs deeper chaptering
2026-07-08T03:30:56-05:00	src/transcripts/txt/2026-06-04_T18-30-05+0000_modularity-squared-what-happens-if-the-stanflex-and-meko-combined-into-a-single-program_8PhKcYKQJus.txt	8PhKcYKQJus	curated 1 first-pass segment	yes	first-pass overview segment added; needs deeper chaptering
2026-07-08T03:30:56-05:00	src/transcripts/txt/2026-05-31_T18-30-06+0000_the-rise-and-fall-of-the-constellation-class-what-happened-to-the-ffg-62-program_-QT_D3BEqlQ.txt	-QT_D3BEqlQ	curated 1 first-pass segment	yes	first-pass overview segment added; needs deeper chaptering
2026-07-08T07:44:16-05:00	src/transcripts/txt/2026-05-30_T18-30-05+0000_how-ship-design-is-a-reflection-of-navy-s-attempts-to-balance-technology-strategy-and-memory_Wd2ljGfLFII.txt	Wd2ljGfLFII	curated 1 first-pass segment	yes	first-pass overview segment added; needs deeper chaptering
2026-07-08T08:05:21-05:00	src/transcripts/txt/2026-07-04_T18-30-06+0000_ideal-destroyers-screening-fleets-and-national-interests-from-1890-to-today_--l6rRIfksQ.txt	--l6rRIfksQ	granular pass added 5 segments	no	granular chapter/notable-point pass complete for current site structure
2026-07-08T08:05:21-05:00	src/transcripts/txt/2026-07-03_T18-30-17+0000_durand-de-la-penne-class-the-destroyer-class-which-showed-the-oto-melara-76mm-had-came-of-age_eYhGE7TDlHQ.txt	eYhGE7TDlHQ	granular pass added 5 segments	no	granular chapter/notable-point pass complete for current site structure
2026-07-08T08:05:21-05:00	src/transcripts/txt/2026-07-03_T00-51-05+0000_the-defence-investment-plan-is-out-let-s-talk-it-through-good-bad-and-what-the-frigate_jV-bnHLGcsM.txt	jV-bnHLGcsM	granular pass added 8 segments	yes	granular segments added; live/Q&A transcript remains open for exhaustive extraction review
2026-07-08T08:05:21-05:00	src/transcripts/txt/2026-07-01_T18-30-06+0000_the-usn-pre-wwi-destroyers-never-enough-ordered_yQPnWPw_bho.txt	yQPnWPw_bho	granular pass added 6 segments	no	granular chapter/notable-point pass complete for current site structure
2026-07-08T08:05:21-05:00	src/transcripts/txt/2026-06-28_T23-20-26+0000_bruships-248-naval-history-questions-answered-live_KhKodHSccmE.txt	KhKodHSccmE	granular pass added 8 segments	yes	granular segments added; live/Q&A transcript remains open for exhaustive extraction review
2026-07-08T08:05:21-05:00	src/transcripts/txt/2026-06-26_T18-30-06+0000_yak-38-forger-the-nasty-surprise-of-the-kiev-class_csReIEQKP3I.txt	csReIEQKP3I	granular pass added 5 segments	no	granular chapter/notable-point pass complete for current site structure
2026-07-08T08:05:21-05:00	src/transcripts/txt/2026-06-25_T18-30-06+0000_press-gang-the-myth-and-reality_KqzuWF1tQO4.txt	KqzuWF1tQO4	granular pass added 5 segments	no	granular chapter/notable-point pass complete for current site structure
2026-07-08T08:05:21-05:00	src/transcripts/txt/2026-06-24_T18-30-06+0000_resurgent-japan-the-destroyer-navy-of-the-21st-century_hV61sjE720w.txt	hV61sjE720w	granular pass added 5 segments	no	granular chapter/notable-point pass complete for current site structure
2026-07-08T08:05:21-05:00	src/transcripts/txt/2026-06-21_T23-11-56+0000_bruships-247-science-fiction-and-naval-history-questions-answered-live_8rAI4ajBU5Q.txt	8rAI4ajBU5Q	granular pass added 8 segments	yes	granular segments added; live/Q&A transcript remains open for exhaustive extraction review
2026-07-08T08:05:21-05:00	src/transcripts/txt/2026-06-20_T18-30-06+0000_what-if-the-rn-decided-to-upgrade-hms-tiger-to-15in-guns_uqSLUFlWki8.txt	uqSLUFlWki8	granular pass added 7 segments	no	granular chapter/notable-point pass complete for current site structure
2026-07-08T08:05:21-05:00	src/transcripts/txt/2026-06-19_T18-30-21+0000_britain-s-cold-war-destroyers-logically-building-for-the-war-they-didn-t-fight_CtfBU-tuNmA.txt	CtfBU-tuNmA	granular pass added 7 segments	no	granular chapter/notable-point pass complete for current site structure
2026-07-08T08:05:21-05:00	src/transcripts/txt/2026-06-19_T10-04-52+0000_the-defence-investment-plan-a-live-review-if-it-s-been-published-a-chat-of-what-to-look-for-if-n_LYcA94lzYJM.txt	LYcA94lzYJM	granular pass added 5 segments	yes	granular segments added; live/Q&A transcript remains open for exhaustive extraction review
2026-07-08T08:05:21-05:00	src/transcripts/txt/2026-06-14_T23-55-52+0000_bruships-246-naval-history-questions-answered-live_e3dsNo2L9VU.txt	e3dsNo2L9VU	granular pass added 6 segments	yes	granular segments added; live/Q&A transcript remains open for exhaustive extraction review
2026-07-08T08:05:21-05:00	src/transcripts/txt/2026-06-13_T19-00-05+0000_flotilla-or-squadron-what-naval-unit-is-this_iqgW6kVJn34.txt	iqgW6kVJn34	granular pass added 6 segments	no	granular chapter/notable-point pass complete for current site structure
2026-07-08T08:05:21-05:00	src/transcripts/txt/2026-06-12_T09-45-02+0000_could-the-us-navy-have-kept-the-oliver-hazard-perry-s-in-service-for-longer_zqSUibSVEAc.txt	zqSUibSVEAc	granular pass added 8 segments	yes	granular segments added; live/Q&A transcript remains open for exhaustive extraction review
2026-07-08T08:05:21-05:00	src/transcripts/txt/2026-06-07_T23-24-41+0000_bruships-245-alternate-history-and-naval-history-questions-answered-live_5M0LeS3z9uU.txt	5M0LeS3z9uU	granular pass added 7 segments	yes	granular segments added; live/Q&A transcript remains open for exhaustive extraction review
2026-07-08T08:05:21-05:00	src/transcripts/txt/2026-06-06_T18-30-06+0000_what-if-hms-hermes-was-the-first-of-a-class-of-cruiser-carriers_lLPfmYWw0W8.txt	lLPfmYWw0W8	granular pass added 8 segments	no	granular chapter/notable-point pass complete for current site structure
2026-07-08T08:05:21-05:00	src/transcripts/txt/2026-06-05_T18-30-05+0000_ram-dass-katari-father-of-the-modern-indian-navy_Or9f7PKh_P8.txt	Or9f7PKh_P8	granular pass added 5 segments	no	granular chapter/notable-point pass complete for current site structure
2026-07-08T08:05:21-05:00	src/transcripts/txt/2026-06-04_T18-30-05+0000_modularity-squared-what-happens-if-the-stanflex-and-meko-combined-into-a-single-program_8PhKcYKQJus.txt	8PhKcYKQJus	granular pass added 5 segments	no	granular chapter/notable-point pass complete for current site structure
2026-07-08T08:05:21-05:00	src/transcripts/txt/2026-05-31_T18-30-06+0000_the-rise-and-fall-of-the-constellation-class-what-happened-to-the-ffg-62-program_-QT_D3BEqlQ.txt	-QT_D3BEqlQ	granular pass added 7 segments	no	granular chapter/notable-point pass complete for current site structure
2026-07-08T08:05:21-05:00	src/transcripts/txt/2026-05-30_T18-30-05+0000_how-ship-design-is-a-reflection-of-navy-s-attempts-to-balance-technology-strategy-and-memory_Wd2ljGfLFII.txt	Wd2ljGfLFII	granular pass added 6 segments	no	granular chapter/notable-point pass complete for current site structure
